Release 14.1 Map P.15xf (nt)
Xilinx Mapping Report File for Design 'plasma_3e'

Design Information
------------------
Command Line   : map -intstyle ise -p xc3s500e-fg320-4 -cm area -ir off -pr off
-c 100 -o plasma_3e_map.ncd plasma_3e.ngd plasma_3e.pcf 
Target Device  : xc3s500e
Target Package : fg320
Target Speed   : -4
Mapper Version : spartan3e -- $Revision: 1.55 $
Mapped Date    : Sat Jun 08 22:34:45 2013

Design Summary
--------------
Number of errors:      0
Number of warnings:    3
Logic Utilization:
  Number of Slice Flip Flops:           783 out of   9,312    8%
  Number of 4 input LUTs:             3,808 out of   9,312   40%
Logic Distribution:
  Number of occupied Slices:          2,091 out of   4,656   44%
    Number of Slices containing only related logic:   2,091 out of   2,091 100%
    Number of Slices containing unrelated logic:          0 out of   2,091   0%
      *See NOTES below for an explanation of the effects of unrelated logic.
  Total Number of 4 input LUTs:       3,853 out of   9,312   41%
    Number used as logic:             3,552
    Number used as a route-thru:         45
    Number used for Dual Port RAMs:     256
      (Two LUTs used per Dual Port RAM)

  The Slice Logic Distribution report is not meaningful if the design is
  over-mapped for a non-slice resource or if Placement fails.

  Number of bonded IOBs:                131 out of     232   56%
  Number of RAMB16s:                      5 out of      20   25%
  Number of BUFGMUXs:                     2 out of      24    8%

Average Fanout of Non-Clock Nets:                4.17

Peak Memory Usage:  297 MB
Total REAL time to MAP completion:  10 secs 
Total CPU time to MAP completion:   9 secs 

NOTES:

   Related logic is defined as being logic that shares connectivity - e.g. two
   LUTs are "related" if they share common inputs.  When assembling slices,
   Map gives priority to combine logic that is related.  Doing so results in
   the best timing performance.

   Unrelated logic shares no connectivity.  Map will only begin packing
   unrelated logic into a slice once 99% of the slices are occupied through
   related logic packing.

   Note that once logic distribution reaches the 99% level through related
   logic packing, this does not mean the device is completely utilized.
   Unrelated logic packing will then begin, continuing until all usable LUTs
   and FFs are occupied.  Depending on your timing budget, increased levels of
   unrelated logic packing may adversely affect the overall timing performance
   of your design.

Table of Contents
-----------------
Section 1 - Errors
Section 2 - Warnings
Section 3 - Informational
Section 4 - Removed Logic Summary
Section 5 - Removed Logic
Section 6 - IOB Properties
Section 7 - RPMs
Section 8 - Guide Report
Section 9 - Area Group and Partition Summary
Section 10 - Timing Report
Section 11 - Configuration String Information
Section 12 - Control Set Information
Section 13 - Utilization by Hierarchy

Section 1 - Errors
------------------

Section 2 - Warnings
--------------------
WARNING:Pack:266 - The function generator
   u1_plama_u1_cpu_u2_mem_ctrl_byte_we_next<0>21 failed to merge with F5
   multiplexer u1_plama_opt_cache2.u_cache_cache_tag_in_or000011.  There is a
   conflict for the FXMUX.  The design will exhibit suboptimal timing.
WARNING:Pack:266 - The function generator
   u1_plama_u1_cpu_u5_bus_mux_reg_dest_out<16>11 failed to merge with F5
   multiplexer u1_plama_u1_cpu_u2_mem_ctrl_data_read_var_0_mux00006_SW3.  There
   is a conflict for the FXMUX.  The design will exhibit suboptimal timing.
WARNING:Pack:266 - The function generator u1_plama_enable_eth_and0000 failed to
   merge with F5 multiplexer u1_plama_dma_gen2.u4_eth_send_level_not0001_f5. 
   There is a conflict for the FXMUX.  The design will exhibit suboptimal
   timing.

Section 3 - Informational
-------------------------
INFO:LIT:243 - Logical network
   u1_plama_u1_cpu_u4_reg_bank_xilinx_16x1d.reg_loop[31].reg_bit2b/SPO has no
   load.
INFO:LIT:395 - The above info message is repeated 127 more times for the
   following (max. 5 shown):
   u1_plama_u1_cpu_u4_reg_bank_xilinx_16x1d.reg_loop[31].reg_bit2a/SPO,
   u1_plama_u1_cpu_u4_reg_bank_xilinx_16x1d.reg_loop[31].reg_bit1b/SPO,
   u1_plama_u1_cpu_u4_reg_bank_xilinx_16x1d.reg_loop[31].reg_bit1a/SPO,
   u1_plama_u1_cpu_u4_reg_bank_xilinx_16x1d.reg_loop[30].reg_bit2b/SPO,
   u1_plama_u1_cpu_u4_reg_bank_xilinx_16x1d.reg_loop[30].reg_bit2a/SPO
   To see the details of these info messages, please use the -detail switch.
INFO:MapLib:562 - No environment variables are currently set.
INFO:MapLib:159 - Net Timing constraints on signal CLK_50MHZ are pushed forward
   through input buffer.

Section 4 - Removed Logic Summary
---------------------------------
   2 block(s) optimized away

Section 5 - Removed Logic
-------------------------

Optimized Block(s):
TYPE 		BLOCK
GND 		XST_GND
VCC 		XST_VCC

To enable printing of redundant blocks removed and signals merged, set the
detailed map report option and rerun map.

Section 6 - IOB Properties
--------------------------

+---------------------------------------------------------------------------------------------------------------------------------------------------------+
| IOB Name                           | Type             | Direction | IO Standard          | Diff  | Drive    | Slew | Reg (s)      | Resistor | IOB      |
|                                    |                  |           |                      | Term  | Strength | Rate |              |          | Delay    |
+---------------------------------------------------------------------------------------------------------------------------------------------------------+
| BTN_EAST                           | IBUF             | INPUT     | LVTTL                |       |          |      |              | PULLDOWN | 0 / 0    |
| BTN_NORTH                          | IBUF             | INPUT     | LVTTL                |       |          |      |              | PULLDOWN | 0 / 0    |
| BTN_SOUTH                          | IBUF             | INPUT     | LVTTL                |       |          |      |              | PULLDOWN | 0 / 0    |
| BTN_WEST                           | IBUF             | INPUT     | LVTTL                |       |          |      |              | PULLDOWN | 0 / 0    |
| CLK_50MHZ                          | IBUF             | INPUT     | LVCMOS33             |       |          |      |              |          | 0 / 0    |
| E_MDC                              | IOB              | OUTPUT    | LVCMOS33             |       | 8        | SLOW |              |          | 0 / 0    |
| E_MDIO                             | IOB              | BIDIR     | LVCMOS33             |       | 8        | SLOW |              |          | 0 / 0    |
| E_RXD<0>                           | IBUF             | INPUT     | LVCMOS33             |       |          |      |              |          | 0 / 0    |
| E_RXD<1>                           | IBUF             | INPUT     | LVCMOS33             |       |          |      |              |          | 0 / 0    |
| E_RXD<2>                           | IBUF             | INPUT     | LVCMOS33             |       |          |      |              |          | 0 / 0    |
| E_RXD<3>                           | IBUF             | INPUT     | LVCMOS33             |       |          |      |              |          | 0 / 0    |
| E_RX_CLK                           | IBUF             | INPUT     | LVCMOS33             |       |          |      |              |          | 0 / 0    |
| E_RX_DV                            | IBUF             | INPUT     | LVCMOS33             |       |          |      |              |          | 0 / 0    |
| E_TXD<0>                           | IOB              | OUTPUT    | LVCMOS33             |       | 8        | SLOW |              |          | 0 / 0    |
| E_TXD<1>                           | IOB              | OUTPUT    | LVCMOS33             |       | 8        | SLOW |              |          | 0 / 0    |
| E_TXD<2>                           | IOB              | OUTPUT    | LVCMOS33             |       | 8        | SLOW |              |          | 0 / 0    |
| E_TXD<3>                           | IOB              | OUTPUT    | LVCMOS33             |       | 8        | SLOW |              |          | 0 / 0    |
| E_TX_CLK                           | IBUF             | INPUT     | LVCMOS33             |       |          |      |              |          | 0 / 0    |
| E_TX_EN                            | IOB              | OUTPUT    | LVCMOS33             |       | 8        | SLOW |              |          | 0 / 0    |
| LED<0>                             | IOB              | OUTPUT    | LVTTL                |       | 8        | SLOW |              |          | 0 / 0    |
| LED<1>                             | IOB              | OUTPUT    | LVTTL                |       | 8        | SLOW |              |          | 0 / 0    |
| LED<2>                             | IOB              | OUTPUT    | LVTTL                |       | 8        | SLOW |              |          | 0 / 0    |
| LED<3>                             | IOB              | OUTPUT    | LVTTL                |       | 8        | SLOW |              |          | 0 / 0    |
| LED<4>                             | IOB              | OUTPUT    | LVTTL                |       | 8        | SLOW |              |          | 0 / 0    |
| LED<5>                             | IOB              | OUTPUT    | LVTTL                |       | 8        | SLOW |              |          | 0 / 0    |
| LED<6>                             | IOB              | OUTPUT    | LVTTL                |       | 8        | SLOW |              |          | 0 / 0    |
| LED<7>                             | IOB              | OUTPUT    | LVTTL                |       | 8        | SLOW |              |          | 0 / 0    |
| PS2_CLK                            | IBUF             | INPUT     | LVCMOS33             |       |          |      |              |          | 0 / 0    |
| PS2_DATA                           | IBUF             | INPUT     | LVCMOS33             |       |          |      |              |          | 0 / 0    |
| ROT_A                              | IBUF             | INPUT     | LVTTL                |       |          |      |              | PULLUP   | 0 / 0    |
| ROT_B                              | IBUF             | INPUT     | LVTTL                |       |          |      |              | PULLUP   | 0 / 0    |
| ROT_CENTER                         | IBUF             | INPUT     | LVTTL                |       |          |      |              | PULLDOWN | 0 / 0    |
| RS232_DCE_RXD                      | IBUF             | INPUT     | LVTTL                |       |          |      |              |          | 0 / 0    |
| RS232_DCE_TXD                      | IOB              | OUTPUT    | LVTTL                |       | 8        | SLOW |              |          | 0 / 0    |
| SD_A<0>                            | IOB              | OUTPUT    | SSTL2_I              |       |          |      |              |          | 0 / 0    |
| SD_A<1>                            | IOB              | OUTPUT    | SSTL2_I              |       |          |      |              |          | 0 / 0    |
| SD_A<2>                            | IOB              | OUTPUT    | SSTL2_I              |       |          |      |              |          | 0 / 0    |
| SD_A<3>                            | IOB              | OUTPUT    | SSTL2_I              |       |          |      |              |          | 0 / 0    |
| SD_A<4>                            | IOB              | OUTPUT    | SSTL2_I              |       |          |      |              |          | 0 / 0    |
| SD_A<5>                            | IOB              | OUTPUT    | SSTL2_I              |       |          |      |              |          | 0 / 0    |
| SD_A<6>                            | IOB              | OUTPUT    | SSTL2_I              |       |          |      |              |          | 0 / 0    |
| SD_A<7>                            | IOB              | OUTPUT    | SSTL2_I              |       |          |      |              |          | 0 / 0    |
| SD_A<8>                            | IOB              | OUTPUT    | SSTL2_I              |       |          |      |              |          | 0 / 0    |
| SD_A<9>                            | IOB              | OUTPUT    | SSTL2_I              |       |          |      |              |          | 0 / 0    |
| SD_A<10>                           | IOB              | OUTPUT    | SSTL2_I              |       |          |      |              |          | 0 / 0    |
| SD_A<11>                           | IOB              | OUTPUT    | SSTL2_I              |       |          |      |              |          | 0 / 0    |
| SD_A<12>                           | IOB              | OUTPUT    | SSTL2_I              |       |          |      |              |          | 0 / 0    |
| SD_BA<0>                           | IOB              | OUTPUT    | SSTL2_I              |       |          |      |              |          | 0 / 0    |
| SD_BA<1>                           | IOB              | OUTPUT    | SSTL2_I              |       |          |      |              |          | 0 / 0    |
| SD_CAS                             | IOB              | OUTPUT    | SSTL2_I              |       |          |      |              |          | 0 / 0    |
| SD_CKE                             | IOB              | OUTPUT    | SSTL2_I              |       |          |      |              |          | 0 / 0    |
| SD_CK_N                            | IOB              | OUTPUT    | SSTL2_I              |       |          |      |              |          | 0 / 0    |
| SD_CK_P                            | IOB              | OUTPUT    | SSTL2_I              |       |          |      |              |          | 0 / 0    |
| SD_CS                              | IOB              | OUTPUT    | SSTL2_I              |       |          |      |              |          | 0 / 0    |
| SD_DQ<0>                           | IOB              | BIDIR     | SSTL2_I              |       |          |      |              |          | 0 / 0    |
| SD_DQ<1>                           | IOB              | BIDIR     | SSTL2_I              |       |          |      |              |          | 0 / 0    |
| SD_DQ<2>                           | IOB              | BIDIR     | SSTL2_I              |       |          |      |              |          | 0 / 0    |
| SD_DQ<3>                           | IOB              | BIDIR     | SSTL2_I              |       |          |      |              |          | 0 / 0    |
| SD_DQ<4>                           | IOB              | BIDIR     | SSTL2_I              |       |          |      |              |          | 0 / 0    |
| SD_DQ<5>                           | IOB              | BIDIR     | SSTL2_I              |       |          |      |              |          | 0 / 0    |
| SD_DQ<6>                           | IOB              | BIDIR     | SSTL2_I              |       |          |      |              |          | 0 / 0    |
| SD_DQ<7>                           | IOB              | BIDIR     | SSTL2_I              |       |          |      |              |          | 0 / 0    |
| SD_DQ<8>                           | IOB              | BIDIR     | SSTL2_I              |       |          |      |              |          | 0 / 0    |
| SD_DQ<9>                           | IOB              | BIDIR     | SSTL2_I              |       |          |      |              |          | 0 / 0    |
| SD_DQ<10>                          | IOB              | BIDIR     | SSTL2_I              |       |          |      |              |          | 0 / 0    |
| SD_DQ<11>                          | IOB              | BIDIR     | SSTL2_I              |       |          |      |              |          | 0 / 0    |
| SD_DQ<12>                          | IOB              | BIDIR     | SSTL2_I              |       |          |      |              |          | 0 / 0    |
| SD_DQ<13>                          | IOB              | BIDIR     | SSTL2_I              |       |          |      |              |          | 0 / 0    |
| SD_DQ<14>                          | IOB              | BIDIR     | SSTL2_I              |       |          |      |              |          | 0 / 0    |
| SD_DQ<15>                          | IOB              | BIDIR     | SSTL2_I              |       |          |      |              |          | 0 / 0    |
| SD_LDM                             | IOB              | OUTPUT    | SSTL2_I              |       |          |      |              |          | 0 / 0    |
| SD_LDQS                            | IOB              | OUTPUT    | SSTL2_I              |       |          |      |              |          | 0 / 0    |
| SD_RAS                             | IOB              | OUTPUT    | SSTL2_I              |       |          |      |              |          | 0 / 0    |
| SD_UDM                             | IOB              | OUTPUT    | SSTL2_I              |       |          |      |              |          | 0 / 0    |
| SD_UDQS                            | IOB              | OUTPUT    | SSTL2_I              |       |          |      |              |          | 0 / 0    |
| SD_WE                              | IOB              | OUTPUT    | SSTL2_I              |       |          |      |              |          | 0 / 0    |
| SF_A<0>                            | IOB              | OUTPUT    | LVCMOS33             |       | 4        | SLOW |              |          | 0 / 0    |
| SF_A<1>                            | IOB              | OUTPUT    | LVCMOS33             |       | 4        | SLOW |              |          | 0 / 0    |
| SF_A<2>                            | IOB              | OUTPUT    | LVCMOS33             |       | 4        | SLOW |              |          | 0 / 0    |
| SF_A<3>                            | IOB              | OUTPUT    | LVCMOS33             |       | 4        | SLOW |              |          | 0 / 0    |
| SF_A<4>                            | IOB              | OUTPUT    | LVCMOS33             |       | 4        | SLOW |              |          | 0 / 0    |
| SF_A<5>                            | IOB              | OUTPUT    | LVCMOS33             |       | 4        | SLOW |              |          | 0 / 0    |
| SF_A<6>                            | IOB              | OUTPUT    | LVCMOS33             |       | 4        | SLOW |              |          | 0 / 0    |
| SF_A<7>                            | IOB              | OUTPUT    | LVCMOS33             |       | 4        | SLOW |              |          | 0 / 0    |
| SF_A<8>                            | IOB              | OUTPUT    | LVCMOS33             |       | 4        | SLOW |              |          | 0 / 0    |
| SF_A<9>                            | IOB              | OUTPUT    | LVCMOS33             |       | 4        | SLOW |              |          | 0 / 0    |
| SF_A<10>                           | IOB              | OUTPUT    | LVCMOS33             |       | 4        | SLOW |              |          | 0 / 0    |
| SF_A<11>                           | IOB              | OUTPUT    | LVCMOS33             |       | 4        | SLOW |              |          | 0 / 0    |
| SF_A<12>                           | IOB              | OUTPUT    | LVCMOS33             |       | 4        | SLOW |              |          | 0 / 0    |
| SF_A<13>                           | IOB              | OUTPUT    | LVCMOS33             |       | 4        | SLOW |              |          | 0 / 0    |
| SF_A<14>                           | IOB              | OUTPUT    | LVCMOS33             |       | 4        | SLOW |              |          | 0 / 0    |
| SF_A<15>                           | IOB              | OUTPUT    | LVCMOS33             |       | 4        | SLOW |              |          | 0 / 0    |
| SF_A<16>                           | IOB              | OUTPUT    | LVCMOS33             |       | 4        | SLOW |              |          | 0 / 0    |
| SF_A<17>                           | IOB              | OUTPUT    | LVCMOS33             |       | 4        | SLOW |              |          | 0 / 0    |
| SF_A<18>                           | IOB              | OUTPUT    | LVCMOS33             |       | 4        | SLOW |              |          | 0 / 0    |
| SF_A<19>                           | IOB              | OUTPUT    | LVCMOS33             |       | 4        | SLOW |              |          | 0 / 0    |
| SF_A<20>                           | IOB              | OUTPUT    | LVCMOS33             |       | 4        | SLOW |              |          | 0 / 0    |
| SF_A<21>                           | IOB              | OUTPUT    | LVCMOS33             |       | 4        | SLOW |              |          | 0 / 0    |
| SF_A<22>                           | IOB              | OUTPUT    | LVCMOS33             |       | 4        | SLOW |              |          | 0 / 0    |
| SF_A<23>                           | IOB              | OUTPUT    | LVCMOS33             |       | 4        | SLOW |              |          | 0 / 0    |
| SF_A<24>                           | IOB              | OUTPUT    | LVCMOS33             |       | 4        | SLOW |              |          | 0 / 0    |
| SF_BYTE                            | IOB              | OUTPUT    | LVCMOS33             |       | 4        | SLOW |              |          | 0 / 0    |
| SF_CE0                             | IOB              | OUTPUT    | LVCMOS33             |       | 4        | SLOW |              |          | 0 / 0    |
| SF_D<1>                            | IOB              | BIDIR     | LVCMOS33             |       | 4        | SLOW |              |          | 0 / 0    |
| SF_D<2>                            | IOB              | BIDIR     | LVCMOS33             |       | 4        | SLOW |              |          | 0 / 0    |
| SF_D<3>                            | IOB              | BIDIR     | LVCMOS33             |       | 4        | SLOW |              |          | 0 / 0    |
| SF_D<4>                            | IOB              | BIDIR     | LVCMOS33             |       | 4        | SLOW |              |          | 0 / 0    |
| SF_D<5>                            | IOB              | BIDIR     | LVCMOS33             |       | 4        | SLOW |              |          | 0 / 0    |
| SF_D<6>                            | IOB              | BIDIR     | LVCMOS33             |       | 4        | SLOW |              |          | 0 / 0    |
| SF_D<7>                            | IOB              | BIDIR     | LVCMOS33             |       | 4        | SLOW |              |          | 0 / 0    |
| SF_D<8>                            | IOB              | BIDIR     | LVCMOS33             |       | 4        | SLOW |              |          | 0 / 0    |
| SF_D<9>                            | IOB              | BIDIR     | LVCMOS33             |       | 4        | SLOW |              |          | 0 / 0    |
| SF_D<10>                           | IOB              | BIDIR     | LVCMOS33             |       | 4        | SLOW |              |          | 0 / 0    |
| SF_D<11>                           | IOB              | BIDIR     | LVCMOS33             |       | 4        | SLOW |              |          | 0 / 0    |
| SF_D<12>                           | IOB              | BIDIR     | LVCMOS33             |       | 4        | SLOW |              |          | 0 / 0    |
| SF_D<13>                           | IOB              | BIDIR     | LVCMOS33             |       | 4        | SLOW |              |          | 0 / 0    |
| SF_D<14>                           | IOB              | BIDIR     | LVCMOS33             |       | 4        | SLOW |              |          | 0 / 0    |
| SF_D<15>                           | IOB              | BIDIR     | LVCMOS33             |       | 4        | SLOW |              |          | 0 / 0    |
| SF_OE                              | IOB              | OUTPUT    | LVCMOS33             |       | 4        | SLOW |              |          | 0 / 0    |
| SF_STS                             | IBUF             | INPUT     | LVCMOS33             |       |          |      |              |          | 0 / 0    |
| SF_WE                              | IOB              | OUTPUT    | LVCMOS33             |       | 4        | SLOW |              |          | 0 / 0    |
| SPI_MISO                           | IOB              | BIDIR     | LVCMOS33             |       | 12       | SLOW |              |          | 0 / 0    |
| SW<0>                              | IBUF             | INPUT     | LVTTL                |       |          |      |              | PULLUP   | 0 / 0    |
| SW<1>                              | IBUF             | INPUT     | LVTTL                |       |          |      |              | PULLUP   | 0 / 0    |
| SW<2>                              | IBUF             | INPUT     | LVTTL                |       |          |      |              | PULLUP   | 0 / 0    |
| SW<3>                              | IBUF             | INPUT     | LVTTL                |       |          |      |              | PULLUP   | 0 / 0    |
| VGA_BLUE                           | IOB              | OUTPUT    | LVTTL                |       | 8        | FAST |              |          | 0 / 0    |
| VGA_GREEN                          | IOB              | OUTPUT    | LVTTL                |       | 8        | FAST |              |          | 0 / 0    |
| VGA_HSYNC                          | IOB              | OUTPUT    | LVTTL                |       | 8        | FAST |              |          | 0 / 0    |
| VGA_RED                            | IOB              | OUTPUT    | LVTTL                |       | 8        | FAST |              |          | 0 / 0    |
| VGA_VSYNC                          | IOB              | OUTPUT    | LVTTL                |       | 8        | FAST |              |          | 0 / 0    |
+---------------------------------------------------------------------------------------------------------------------------------------------------------+

Section 7 - RPMs
----------------

Section 8 - Guide Report
------------------------
Guide not run on this design.

Section 9 - Area Group and Partition Summary
--------------------------------------------

Partition Implementation Status
-------------------------------

  No Partitions were found in this design.

-------------------------------

Area Group Information
----------------------

  No area groups were found in this design.

----------------------

Section 10 - Timing Report
--------------------------
This design was not run using timing mode.

Section 11 - Configuration String Details
-----------------------------------------
Use the "-detail" map option to print out Configuration Strings

Section 12 - Control Set Information
------------------------------------
No control set information for this architecture.

Section 13 - Utilization by Hierarchy
-------------------------------------
Use the "-detail" map option to print out the Utilization by Hierarchy section.
